<?xml version="1.0" encoding="UTF-8"?>
<!-- Generated by org.testng.reporters.JUnitReportReporter -->
<testsuite hostname="Gajanans-MBP" failures="0" tests="1" name="test.day5" time="0.011" errors="0" timestamp="2024-02-23T12:21:21 IST" skipped="0">
  <testcase classname="test.day5" name="grouprun" time="0.011"/>
</testsuite> <!-- test.day5 -->
