<?xml version="1.0" encoding="UTF-8"?>
<!-- Generated by org.testng.reporters.JUnitReportReporter -->
<testsuite hostname="Gajanans-MacBook-Pro.local" failures="0" tests="1" name="test.day1" time="0.007" errors="0" timestamp="22 Feb 2024 08:53:34 GMT" skipped="0">
  <testcase classname="test.day1" name="Demo" time="0.007"/>
</testsuite> <!-- test.day1 -->
