<?xml version="1.0" encoding="UTF-8"?>
<!-- Generated by org.testng.reporters.JUnitReportReporter -->
<testsuite hostname="Gajanans-MacBook-Pro.local" failures="0" tests="2" name="test.day1" time="0.009" errors="0" timestamp="21 Feb 2024 07:19:45 GMT" skipped="0">
  <testcase classname="test.day1" name="Demo" time="0.007"/>
  <testcase classname="test.day1" name="SecondTest" time="0.002"/>
</testsuite> <!-- test.day1 -->
