<?xml version="1.0" encoding="UTF-8"?>
<!-- Generated by org.testng.reporters.JUnitReportReporter -->
<testsuite hostname="Gajanans-MacBook-Pro.local" failures="0" tests="1" name="test.TestngTest" time="0.001" errors="0" timestamp="20 Feb 2024 14:09:10 GMT" skipped="0">
  <testcase classname="test.TestngTest" name="Demo" time="0.001"/>
</testsuite> <!-- test.TestngTest -->
