<?xml version="1.0" encoding="UTF-8"?>
<!-- Generated by org.testng.reporters.JUnitReportReporter -->
<testsuite hostname="Gajanans-MacBook-Pro.local" failures="0" tests="1" name="test.day5" time="0.009" errors="0" timestamp="21 Feb 2024 07:30:25 GMT" skipped="0">
  <testcase classname="test.day5" name="grouprun" time="0.009"/>
</testsuite> <!-- test.day5 -->
